2024-03-16T15:05:31.828+09:00  INFO 22700 --- [Ref1] [restartedMain] kr.co.Ref1.Ref1Application               : Starting Ref1Application using Java 17.0.10 with PID 22700 (C:\Users\devimjae\Desktop\workspace\Reference\Spring\Ref1\build\classes\java\main started by devimjae in C:\Users\devimjae\Desktop\workspace\Reference\Spring\Ref1)
2024-03-16T15:05:31.834+09:00  INFO 22700 --- [Ref1] [restartedMain] kr.co.Ref1.Ref1Application               : No active profile set, falling back to 1 default profile: "default"
2024-03-16T15:05:31.881+09:00  INFO 22700 --- [Ref1] [restartedMain] .e.DevToolsPropertyDefaultsPostProcessor : Devtools property defaults active! Set 'spring.devtools.add-properties' to 'false' to disable
2024-03-16T15:05:31.881+09:00  INFO 22700 --- [Ref1] [restartedMain] .e.DevToolsPropertyDefaultsPostProcessor : For additional web related logging consider setting the 'logging.level.web' property to 'DEBUG'
2024-03-16T15:05:32.754+09:00  INFO 22700 --- [Ref1] [restartedMain] .s.d.r.c.RepositoryConfigurationDelegate : Multiple Spring Data modules found, entering strict repository configuration mode
2024-03-16T15:05:32.756+09:00  INFO 22700 --- [Ref1] [restartedMain] .s.d.r.c.RepositoryConfigurationDelegate : Bootstrapping Spring Data JDBC repositories in DEFAULT mode.
2024-03-16T15:05:32.779+09:00  INFO 22700 --- [Ref1] [restartedMain] .RepositoryConfigurationExtensionSupport : Spring Data JDBC - Could not safely identify store assignment for repository candidate interface kr.co.Ref1.repository.UserRepository; If you want this repository to be a JDBC repository, consider annotating your entities with one of these annotations: org.springframework.data.relational.core.mapping.Table.
2024-03-16T15:05:32.780+09:00  INFO 22700 --- [Ref1] [restartedMain] .s.d.r.c.RepositoryConfigurationDelegate : Finished Spring Data repository scanning in 19 ms. Found 0 JDBC repository interfaces.
2024-03-16T15:05:32.789+09:00  INFO 22700 --- [Ref1] [restartedMain] .s.d.r.c.RepositoryConfigurationDelegate : Multiple Spring Data modules found, entering strict repository configuration mode
2024-03-16T15:05:32.790+09:00  INFO 22700 --- [Ref1] [restartedMain] .s.d.r.c.RepositoryConfigurationDelegate : Bootstrapping Spring Data JPA repositories in DEFAULT mode.
2024-03-16T15:05:32.813+09:00  INFO 22700 --- [Ref1] [restartedMain] .s.d.r.c.RepositoryConfigurationDelegate : Finished Spring Data repository scanning in 19 ms. Found 1 JPA repository interface.
2024-03-16T15:05:32.912+09:00  WARN 22700 --- [Ref1] [restartedMain] o.m.s.mapper.ClassPathMapperScanner      : No MyBatis mapper was found in '[kr.co.Ref1]' package. Please check your configuration.
2024-03-16T15:05:33.347+09:00  INFO 22700 --- [Ref1] [restartedMain] o.s.b.w.embedded.tomcat.TomcatWebServer  : Tomcat initialized with port 8080 (http)
2024-03-16T15:05:33.359+09:00  INFO 22700 --- [Ref1] [restartedMain] o.apache.catalina.core.StandardService   : Starting service [Tomcat]
2024-03-16T15:05:33.359+09:00  INFO 22700 --- [Ref1] [restartedMain] o.apache.catalina.core.StandardEngine    : Starting Servlet engine: [Apache Tomcat/10.1.19]
2024-03-16T15:05:33.430+09:00  INFO 22700 --- [Ref1] [restartedMain] o.a.c.c.C.[Tomcat].[localhost].[/]       : Initializing Spring embedded WebApplicationContext
2024-03-16T15:05:33.431+09:00  INFO 22700 --- [Ref1] [restartedMain] w.s.c.ServletWebServerApplicationContext : Root WebApplicationContext: initialization completed in 1549 ms
2024-03-16T15:05:33.578+09:00  INFO 22700 --- [Ref1] [restartedMain] o.hibernate.jpa.internal.util.LogHelper  : HHH000204: Processing PersistenceUnitInfo [name: default]
2024-03-16T15:05:33.654+09:00  INFO 22700 --- [Ref1] [restartedMain] org.hibernate.Version                    : HHH000412: Hibernate ORM core version 6.4.4.Final
2024-03-16T15:05:33.696+09:00  INFO 22700 --- [Ref1] [restartedMain] o.h.c.internal.RegionFactoryInitiator    : HHH000026: Second-level cache disabled
2024-03-16T15:05:33.991+09:00  INFO 22700 --- [Ref1] [restartedMain] o.s.o.j.p.SpringPersistenceUnitInfo      : No LoadTimeWeaver setup: ignoring JPA class transformer
2024-03-16T15:05:34.025+09:00  INFO 22700 --- [Ref1] [restartedMain] com.zaxxer.hikari.HikariDataSource       : HikariPool-1 - Starting...
2024-03-16T15:05:34.274+09:00  INFO 22700 --- [Ref1] [restartedMain] com.zaxxer.hikari.pool.HikariPool        : HikariPool-1 - Added connection com.mysql.cj.jdbc.ConnectionImpl@2cfeb78
2024-03-16T15:05:34.276+09:00  INFO 22700 --- [Ref1] [restartedMain] com.zaxxer.hikari.HikariDataSource       : HikariPool-1 - Start completed.
2024-03-16T15:05:34.328+09:00  WARN 22700 --- [Ref1] [restartedMain] org.hibernate.orm.deprecation            : HHH90000025: MySQLDialect does not need to be specified explicitly using 'hibernate.dialect' (remove the property setting and it will be selected by default)
2024-03-16T15:05:35.218+09:00  INFO 22700 --- [Ref1] [restartedMain] o.h.e.t.j.p.i.JtaPlatformInitiator       : HHH000489: No JTA platform available (set 'hibernate.transaction.jta.platform' to enable JTA platform integration)
2024-03-16T15:05:35.262+09:00  INFO 22700 --- [Ref1] [restartedMain] j.LocalContainerEntityManagerFactoryBean : Initialized JPA EntityManagerFactory for persistence unit 'default'
2024-03-16T15:05:35.626+09:00  WARN 22700 --- [Ref1] [restartedMain] JpaBaseConfiguration$JpaWebConfiguration : spring.jpa.open-in-view is enabled by default. Therefore, database queries may be performed during view rendering. Explicitly configure spring.jpa.open-in-view to disable this warning
2024-03-16T15:05:35.649+09:00  INFO 22700 --- [Ref1] [restartedMain] o.s.b.a.w.s.WelcomePageHandlerMapping    : Adding welcome page template: index
2024-03-16T15:05:36.166+09:00  INFO 22700 --- [Ref1] [restartedMain] o.s.b.d.a.OptionalLiveReloadServer       : LiveReload server is running on port 35729
2024-03-16T15:05:36.200+09:00  INFO 22700 --- [Ref1] [restartedMain] o.s.b.w.embedded.tomcat.TomcatWebServer  : Tomcat started on port 8080 (http) with context path ''
2024-03-16T15:05:36.208+09:00  INFO 22700 --- [Ref1] [restartedMain] kr.co.Ref1.Ref1Application               : Started Ref1Application in 4.784 seconds (process running for 5.538)
2024-03-16T15:05:54.328+09:00  INFO 22700 --- [Ref1] [http-nio-8080-exec-1] o.a.c.c.C.[Tomcat].[localhost].[/]       : Initializing Spring DispatcherServlet 'dispatcherServlet'
2024-03-16T15:05:54.328+09:00  INFO 22700 --- [Ref1] [http-nio-8080-exec-1] o.s.web.servlet.DispatcherServlet        : Initializing Servlet 'dispatcherServlet'
2024-03-16T15:05:54.329+09:00  INFO 22700 --- [Ref1] [http-nio-8080-exec-1] o.s.web.servlet.DispatcherServlet        : Completed initialization in 1 ms
2024-03-16T15:06:07.425+09:00  INFO 22700 --- [Ref1] [http-nio-8080-exec-4] kr.co.Ref1.controller.MainController     : user/list - GET
2024-03-16T15:06:07.621+09:00  INFO 22700 --- [Ref1] [http-nio-8080-exec-5] kr.co.Ref1.controller.UserController     : userList - GET
2024-03-16T15:06:07.621+09:00  INFO 22700 --- [Ref1] [http-nio-8080-exec-5] kr.co.Ref1.service.UserService           : selectUsers
2024-03-16T15:06:13.028+09:00  INFO 22700 --- [Ref1] [http-nio-8080-exec-6] kr.co.Ref1.controller.MainController     : user/register - GET
2024-03-16T15:06:36.837+09:00  INFO 22700 --- [Ref1] [http-nio-8080-exec-7] kr.co.Ref1.controller.UserController     : userRegister - GET
2024-03-16T15:06:36.837+09:00  INFO 22700 --- [Ref1] [http-nio-8080-exec-7] kr.co.Ref1.service.UserService           : insertUser
2024-03-16T15:06:38.089+09:00  INFO 22700 --- [Ref1] [http-nio-8080-exec-8] kr.co.Ref1.controller.MainController     : user/list - GET
2024-03-16T15:06:38.106+09:00  INFO 22700 --- [Ref1] [http-nio-8080-exec-9] kr.co.Ref1.controller.UserController     : userList - GET
2024-03-16T15:06:38.107+09:00  INFO 22700 --- [Ref1] [http-nio-8080-exec-9] kr.co.Ref1.service.UserService           : selectUsers
2024-03-16T15:06:45.127+09:00  INFO 22700 --- [Ref1] [http-nio-8080-exec-10] kr.co.Ref1.controller.UserController     : userDelete - DELETE
2024-03-16T15:06:45.127+09:00  INFO 22700 --- [Ref1] [http-nio-8080-exec-10] kr.co.Ref1.service.UserService           : deleteUser
2024-03-16T15:06:47.948+09:00  INFO 22700 --- [Ref1] [SpringApplicationShutdownHook] j.LocalContainerEntityManagerFactoryBean : Closing JPA EntityManagerFactory for persistence unit 'default'
2024-03-16T15:06:47.952+09:00  INFO 22700 --- [Ref1] [SpringApplicationShutdownHook] com.zaxxer.hikari.HikariDataSource       : HikariPool-1 - Shutdown initiated...
2024-03-16T15:06:47.958+09:00  INFO 22700 --- [Ref1] [SpringApplicationShutdownHook] com.zaxxer.hikari.HikariDataSource       : HikariPool-1 - Shutdown completed.
